2025-05-30 21:18:12 - FileFilterTool - INFO - 这是一条信息日志
2025-05-30 21:18:12 - FileFilterTool - WARNING - 这是一条警告日志
2025-05-30 21:18:12 - FileFilterTool - ERROR - 这是一条错误日志
2025-05-30 21:18:12 - FileFilterTool - INFO - 目录已创建或已存在: F:\Project\tools\extracted_files
2025-05-30 21:18:12 - FileFilterTool - INFO - 目录已创建或已存在: F:\Project\tools\extracted_files\命中文件
2025-05-30 21:18:12 - FileFilterTool - INFO - 目录已创建或已存在: F:\Project\tools\extracted_files\未命中文件
2025-05-30 21:18:12 - FileFilterTool - INFO - 目录已创建或已存在: F:\Project\tools\temp_extract
2025-05-30 21:18:12 - FileFilterTool - INFO - 目录已创建或已存在: F:\Project\tools\extracted_files
2025-05-30 21:18:12 - FileFilterTool - INFO - 目录已创建或已存在: F:\Project\tools\extracted_files\命中文件
2025-05-30 21:18:12 - FileFilterTool - INFO - 目录已创建或已存在: F:\Project\tools\extracted_files\未命中文件
2025-05-30 21:18:12 - FileFilterTool - INFO - 目录已创建或已存在: F:\Project\tools\temp_extract
2025-05-30 21:18:12 - FileFilterTool - INFO - 开始分类文件，关键字: ['config', 'photo']
2025-05-30 21:18:12 - FileFilterTool - DEBUG - 命中文件已移动: config.ini
2025-05-30 21:18:12 - FileFilterTool - DEBUG - 未命中文件已移动: document.txt
2025-05-30 21:18:12 - FileFilterTool - DEBUG - 未命中文件已移动: image.jpg
2025-05-30 21:18:12 - FileFilterTool - DEBUG - 未命中文件已移动: report_2023.pdf
2025-05-30 21:18:12 - FileFilterTool - DEBUG - 未命中文件已移动: backup_file.bak
2025-05-30 21:18:12 - FileFilterTool - DEBUG - 命中文件已移动: photo_vacation.png
2025-05-30 21:18:12 - FileFilterTool - DEBUG - 未命中文件已移动: settings.json
2025-05-30 21:18:12 - FileFilterTool - INFO - 文件分类完成 - 命中: 2, 未命中: 5
2025-05-30 21:18:32 - FileFilterTool - INFO - 程序启动
2025-05-30 21:18:32 - FileFilterTool - INFO - 目录已创建或已存在: F:\Project\tools\extracted_files
2025-05-30 21:18:32 - FileFilterTool - INFO - 目录已创建或已存在: F:\Project\tools\extracted_files\命中文件
2025-05-30 21:18:32 - FileFilterTool - INFO - 目录已创建或已存在: F:\Project\tools\extracted_files\未命中文件
2025-05-30 21:18:32 - FileFilterTool - INFO - 目录已创建或已存在: F:\Project\tools\temp_extract
2025-05-30 21:18:32 - FileFilterTool - INFO - 项目目录初始化完成
2025-05-30 21:18:43 - FileFilterTool - INFO - 已选择压缩包: C:/Users/GuoDong/Desktop/发票批量下载_20250530202537.zip
2025-05-30 21:25:04 - FileFilterTool - INFO - 程序启动
2025-05-30 21:25:04 - FileFilterTool - INFO - 目录已创建或已存在: F:\Project\tools\extracted_files
2025-05-30 21:25:04 - FileFilterTool - INFO - 目录已创建或已存在: F:\Project\tools\extracted_files\命中文件
2025-05-30 21:25:04 - FileFilterTool - INFO - 目录已创建或已存在: F:\Project\tools\extracted_files\未命中文件
2025-05-30 21:25:04 - FileFilterTool - INFO - 目录已创建或已存在: F:\Project\tools\temp_extract
2025-05-30 21:25:04 - FileFilterTool - INFO - 项目目录初始化完成
2025-05-30 21:25:10 - FileFilterTool - INFO - 已选择压缩包: C:/Users/GuoDong/Desktop/发票批量下载_20250530202537.zip
2025-05-30 21:25:42 - FileFilterTool - INFO - 开始解压 .zip 格式的压缩包: 发票批量下载_20250530202537.zip
2025-05-30 21:25:42 - FileFilterTool - INFO - ZIP文件解压完成，文件数量: 68
2025-05-30 21:25:42 - FileFilterTool - INFO - 解压成功到目录: F:\Project\tools\temp_extract\extract_20250530_212542
2025-05-30 21:25:42 - FileFilterTool - INFO - 预览统计完成 - 命中: 8, 未命中: 60
2025-05-30 21:25:42 - FileFilterTool - INFO - 预览结果: 总文件 68 个，命中 8 个，未命中 60 个
2025-05-30 21:25:54 - FileFilterTool - INFO - 开始解压压缩包: 发票批量下载_20250530202537.zip
2025-05-30 21:25:54 - FileFilterTool - INFO - 搜索关键字: 新丰电器(深圳)有限公司
深圳技术大学
湖南宏旺新材料科技有限公司
闽南师范大学
成都惠智久科计量检测技术有限公司
莱芜信誉楼百货有限公司
深圳市创浩仕科技有限公司
上海二有餐饮管理有限公司
2025-05-30 21:25:54 - FileFilterTool - INFO - 目录已创建或已存在: F:\Project\tools\extracted_files
2025-05-30 21:25:54 - FileFilterTool - INFO - 目录已创建或已存在: F:\Project\tools\extracted_files\命中文件
2025-05-30 21:25:54 - FileFilterTool - INFO - 目录已创建或已存在: F:\Project\tools\extracted_files\未命中文件
2025-05-30 21:25:54 - FileFilterTool - INFO - 目录已创建或已存在: F:\Project\tools\temp_extract
2025-05-30 21:25:54 - FileFilterTool - INFO - 开始解压 .zip 格式的压缩包: 发票批量下载_20250530202537.zip
2025-05-30 21:25:54 - FileFilterTool - INFO - ZIP文件解压完成，文件数量: 68
2025-05-30 21:25:54 - FileFilterTool - INFO - 解压成功到目录: F:\Project\tools\temp_extract\extract_20250530_212554
2025-05-30 21:25:54 - FileFilterTool - INFO - 开始处理压缩包: 发票批量下载_20250530202537.zip
2025-05-30 21:25:54 - FileFilterTool - INFO - 开始分类文件，关键字: ['新丰电器(深圳)有限公司', '深圳技术大学', '湖南宏旺新材料科技有限公司', '闽南师范大学', '成都惠智久科计量检测技术有限公司', '莱芜信誉楼百货有限公司', '深圳市创浩仕科技有限公司', '上海二有餐饮管理有限公司']
2025-05-30 21:25:54 - FileFilterTool - DEBUG - 命中文件已移动: dzfp_25142000000041451603_上海二有餐饮管理有限公司_20250530202520.pdf
2025-05-30 21:25:54 - FileFilterTool - DEBUG - 未命中文件已移动: dzfp_25142000000041451604_佛山市澳辉金属建材有限公司_20250530202524.pdf
2025-05-30 21:25:54 - FileFilterTool - DEBUG - 未命中文件已移动: dzfp_25142000000041451605_中和青山智能科技（四川）有限公司_20250530202525.pdf
2025-05-30 21:25:54 - FileFilterTool - DEBUG - 未命中文件已移动: dzfp_25142000000041451606_厦门咖果餐饮管理有限公司_20250530202534.pdf
2025-05-30 21:25:54 - FileFilterTool - DEBUG - 未命中文件已移动: dzfp_25142000000041461587_中山市采蝶轩食品有限公司_20250530202522.pdf
2025-05-30 21:25:54 - FileFilterTool - DEBUG - 未命中文件已移动: dzfp_25142000000041461590_广东华人行跨境电商物流有限公司_20250530202529.pdf
2025-05-30 21:25:54 - FileFilterTool - DEBUG - 未命中文件已移动: dzfp_25142000000041461591_深圳市易众泰供应链管理有限公司_20250530202530.pdf
2025-05-30 21:25:54 - FileFilterTool - DEBUG - 未命中文件已移动: dzfp_25142000000041461592_山西晋豫融合新材料科技有限公司_20250530202531.pdf
2025-05-30 21:25:54 - FileFilterTool - DEBUG - 未命中文件已移动: dzfp_25142000000041461593_上海摩丸文化传媒有限公司_20250530202532.pdf
2025-05-30 21:25:54 - FileFilterTool - DEBUG - 未命中文件已移动: dzfp_25142000000041461594_武汉市硚口区硚康医养服务有限责任公司_20250530202533.pdf
2025-05-30 21:25:54 - FileFilterTool - DEBUG - 命中文件已移动: dzfp_25142000000041471546_闽南师范大学_20250530202521.pdf
2025-05-30 21:25:54 - FileFilterTool - DEBUG - 未命中文件已移动: dzfp_25142000000041471547_杭州雪花电气有限公司_20250530202525.pdf
2025-05-30 21:25:54 - FileFilterTool - DEBUG - 未命中文件已移动: dzfp_25142000000041471548_深圳华嘉盛科技有限公司_20250530202527.pdf
2025-05-30 21:25:54 - FileFilterTool - DEBUG - 未命中文件已移动: dzfp_25142000000041471549_南京正大天晴制药有限公司_20250530202534.pdf
2025-05-30 21:25:54 - FileFilterTool - DEBUG - 未命中文件已移动: dzfp_25142000000041471550_长沙市金阳高级中学有限公司_20250530202535.pdf
2025-05-30 21:25:54 - FileFilterTool - DEBUG - 未命中文件已移动: dzfp_25142000000041471551_南京星晟餐饮有限公司_20250530202536.pdf
2025-05-30 21:25:54 - FileFilterTool - DEBUG - 命中文件已移动: dzfp_25142000000041481650_成都惠智久科计量检测技术有限公司_20250530202521.pdf
2025-05-30 21:25:54 - FileFilterTool - DEBUG - 命中文件已移动: dzfp_25142000000041481652_深圳市创浩仕科技有限公司_20250530202520.pdf
2025-05-30 21:25:54 - FileFilterTool - DEBUG - 未命中文件已移动: dzfp_25142000000041481655_武汉味康嘉品健康科技有限公司_20250530202530.pdf
2025-05-30 21:25:54 - FileFilterTool - DEBUG - 未命中文件已移动: dzfp_25142000000041481656_长融（天津）食品销售有限公司_20250530202531.pdf
2025-05-30 21:25:54 - FileFilterTool - DEBUG - 未命中文件已移动: dzfp_25142000000041481657_天津市陆海测绘有限公司_20250530202531.pdf
2025-05-30 21:25:54 - FileFilterTool - DEBUG - 未命中文件已移动: dzfp_25142000000041481658_青岛泽宇凯昇机械制造有限公司_20250530202534.pdf
2025-05-30 21:25:54 - FileFilterTool - DEBUG - 未命中文件已移动: dzfp_25142000000041481659_上海瀚蒲淞餐饮管理有限公司_20250530202536.pdf
2025-05-30 21:25:54 - FileFilterTool - DEBUG - 未命中文件已移动: dzfp_25142000000041481660_上海凯森环保科技有限公司_20250530202535.pdf
2025-05-30 21:25:54 - FileFilterTool - DEBUG - 命中文件已移动: dzfp_25142000000041491667_湖南宏旺新材料科技有限公司_20250530202521.pdf
2025-05-30 21:25:54 - FileFilterTool - DEBUG - 未命中文件已移动: dzfp_25142000000041491669_福建省宁德市第五中学_20250530202525.pdf
2025-05-30 21:25:54 - FileFilterTool - DEBUG - 未命中文件已移动: dzfp_25142000000041491670_中国人民解放军重庆警备区沙坪坝退休干部休养所_20250530202526.pdf
2025-05-30 21:25:54 - FileFilterTool - DEBUG - 未命中文件已移动: dzfp_25142000000041491671_成都星医文化传媒有限公司_20250530202526.pdf
2025-05-30 21:25:54 - FileFilterTool - DEBUG - 未命中文件已移动: dzfp_25142000000041491672_广州潮禧一九八八餐饮管理有限公司_20250530202528.pdf
2025-05-30 21:25:54 - FileFilterTool - DEBUG - 未命中文件已移动: dzfp_25142000000041491673_租行天下汽车科技（济宁）有限公司_20250530202530.pdf
2025-05-30 21:25:54 - FileFilterTool - DEBUG - 未命中文件已移动: dzfp_25142000000041491674_北京华博德亿生物技术有限公司_20250530202530.pdf
2025-05-30 21:25:54 - FileFilterTool - DEBUG - 未命中文件已移动: dzfp_25142000000041491675_广州迈科新材料科技有限公司_20250530202531.pdf
2025-05-30 21:25:54 - FileFilterTool - DEBUG - 未命中文件已移动: dzfp_25142000000041491676_青岛凯昇环保设备制造有限公司_20250530202534.pdf
2025-05-30 21:25:54 - FileFilterTool - DEBUG - 命中文件已移动: dzfp_25142000000041501585_深圳技术大学_20250530202521.pdf
2025-05-30 21:25:54 - FileFilterTool - DEBUG - 未命中文件已移动: dzfp_25142000000041501587_北京极简等园门诊部有限公司_20250530202526.pdf
2025-05-30 21:25:54 - FileFilterTool - DEBUG - 未命中文件已移动: dzfp_25142000000041501590_大连日进机电工程有限公司_20250530202528.pdf
2025-05-30 21:25:54 - FileFilterTool - DEBUG - 未命中文件已移动: dzfp_25142000000041501592_苏州蓝博控制技术有限公司_20250530202529.pdf
2025-05-30 21:25:54 - FileFilterTool - DEBUG - 命中文件已移动: dzfp_25142000000041511616_新丰电器(深圳)有限公司_20250530202522.pdf
2025-05-30 21:25:54 - FileFilterTool - DEBUG - 未命中文件已移动: dzfp_25142000000041511617_姑苏区裕文陈列展示设计制作室_20250530202522.pdf
2025-05-30 21:25:54 - FileFilterTool - DEBUG - 未命中文件已移动: dzfp_25142000000041511618_山西亿信伟业工贸有限公司_20250530202529.pdf
2025-05-30 21:25:54 - FileFilterTool - DEBUG - 未命中文件已移动: dzfp_25142000000041511619_镇江科隆新动力科技有限公司_20250530202532.pdf
2025-05-30 21:25:54 - FileFilterTool - DEBUG - 命中文件已移动: dzfp_25142000000041521530_莱芜信誉楼百货有限公司_20250530202520.pdf
2025-05-30 21:25:54 - FileFilterTool - DEBUG - 未命中文件已移动: dzfp_25142000000041521531_湖北省武汉市欣铂商贸有限公司_20250530202523.pdf
2025-05-30 21:25:54 - FileFilterTool - DEBUG - 未命中文件已移动: dzfp_25142000000041521532_商丘市城乡一体化示范区昌华小学_20250530202526.pdf
2025-05-30 21:25:54 - FileFilterTool - DEBUG - 未命中文件已移动: dzfp_25142000000041521533_久久丫食品集团股份有限公司_20250530202536.pdf
2025-05-30 21:25:54 - FileFilterTool - DEBUG - 未命中文件已移动: dzfp_25142000000041531596_无锡力臻口腔门诊有限公司_20250530202524.pdf
2025-05-30 21:25:54 - FileFilterTool - DEBUG - 未命中文件已移动: dzfp_25142000000041531597_敦煌市万振商贸有限公司_20250530202524.pdf
2025-05-30 21:25:54 - FileFilterTool - DEBUG - 未命中文件已移动: dzfp_25142000000041531598_云南嘉华食品有限公司_20250530202524.pdf
2025-05-30 21:25:54 - FileFilterTool - DEBUG - 未命中文件已移动: dzfp_25142000000041531600_长春垠禄酒店有限责任公司_20250530202527.pdf
2025-05-30 21:25:54 - FileFilterTool - DEBUG - 未命中文件已移动: dzfp_25142000000041531601_秦皇岛万创电力技术有限公司_20250530202527.pdf
2025-05-30 21:25:54 - FileFilterTool - DEBUG - 未命中文件已移动: dzfp_25142000000041531602_江苏威晟商贸有限公司_20250530202527.pdf
2025-05-30 21:25:54 - FileFilterTool - DEBUG - 未命中文件已移动: dzfp_25142000000041531603_南京大经中医药信息技术有限公司_20250530202528.pdf
2025-05-30 21:25:54 - FileFilterTool - DEBUG - 未命中文件已移动: dzfp_25142000000041531605_天津枝稻乐网络科技有限公司_20250530202529.pdf
2025-05-30 21:25:54 - FileFilterTool - DEBUG - 未命中文件已移动: dzfp_25142000000041531606_海南正德润泰项目管理有限公司_20250530202532.pdf
2025-05-30 21:25:54 - FileFilterTool - DEBUG - 未命中文件已移动: dzfp_25142000000041541608_铂锐（上海）汽车科技有限公司_20250530202528.pdf
2025-05-30 21:25:54 - FileFilterTool - DEBUG - 未命中文件已移动: dzfp_25142000000041541610_宣城市德思电子电器有限公司_20250530202536.pdf
2025-05-30 21:25:54 - FileFilterTool - DEBUG - 未命中文件已移动: dzfp_25142000000041551564_中山市采蝶轩食品有限公司_20250530202523.pdf
2025-05-30 21:25:54 - FileFilterTool - DEBUG - 未命中文件已移动: dzfp_25142000000041551565_长沙县黄兴镇干杉卫生院(长沙县黄兴镇干杉妇幼保健计划生育服务站)_20250530202523.pdf
2025-05-30 21:25:54 - FileFilterTool - DEBUG - 未命中文件已移动: dzfp_25142000000041551567_北京京鲁兴业投资有限公司_20250530202533.pdf
2025-05-30 21:25:54 - FileFilterTool - DEBUG - 未命中文件已移动: dzfp_25142000000041551568_长沙市金阳高级中学有限公司_20250530202535.pdf
2025-05-30 21:25:54 - FileFilterTool - DEBUG - 未命中文件已移动: dzfp_25142000000041561412_中国石油天然气股份有限公司广西南宁销售分公司_20250530202522.pdf
2025-05-30 21:25:54 - FileFilterTool - DEBUG - 未命中文件已移动: dzfp_25142000000041561413_富扬（上海）邮轮船供有限公司_20250530202523.pdf
2025-05-30 21:25:54 - FileFilterTool - DEBUG - 未命中文件已移动: dzfp_25142000000041561414_晋江市池店镇滨江幼儿园_20250530202525.pdf
2025-05-30 21:25:54 - FileFilterTool - DEBUG - 未命中文件已移动: dzfp_25142000000041561415_西安合泽大塘足浴有限公司_20250530202532.pdf
2025-05-30 21:25:54 - FileFilterTool - DEBUG - 未命中文件已移动: dzfp_25142000000041561416_珠海上扬实业有限公司_20250530202533.pdf
2025-05-30 21:25:54 - FileFilterTool - DEBUG - 未命中文件已移动: dzfp_25142000000041561417_沈阳市辽博商贸有限公司_20250530202533.pdf
2025-05-30 21:25:54 - FileFilterTool - DEBUG - 未命中文件已移动: dzfp_25142000000041561418_北京汇美幼大托育服务有限公司_20250530202535.pdf
2025-05-30 21:25:54 - FileFilterTool - DEBUG - 未命中文件已移动: 发票批量下载情况统计_20250530202537.xlsx
2025-05-30 21:25:54 - FileFilterTool - INFO - 文件分类完成 - 命中: 8, 未命中: 60
2025-05-30 21:25:54 - FileFilterTool - INFO - 处理完成 - 命中文件: 8, 未命中文件: 60
2025-05-30 21:25:54 - FileFilterTool - INFO - 已清理临时目录: F:\Project\tools\temp_extract\extract_20250530_212554
2025-05-30 21:25:54 - FileFilterTool - INFO - 文件处理完成:
2025-05-30 21:25:54 - FileFilterTool - INFO -   命中文件: 8 个 -> 命中文件
2025-05-30 21:25:54 - FileFilterTool - INFO -   未命中文件: 60 个 -> 未命中文件
2025-05-30 21:25:54 - FileFilterTool - INFO -   命中文件列表: dzfp_25142000000041451603_上海二有餐饮管理有限公司_20250530202520.pdf, dzfp_25142000000041471546_闽南师范大学_20250530202521.pdf, dzfp_25142000000041481650_成都惠智久科计量检测技术有限公司_20250530202521.pdf, dzfp_25142000000041481652_深圳市创浩仕科技有限公司_20250530202520.pdf, dzfp_25142000000041491667_湖南宏旺新材料科技有限公司_20250530202521.pdf
2025-05-30 21:25:54 - FileFilterTool - INFO -     ... 还有 3 个文件
2025-05-30 21:25:54 - FileFilterTool - INFO -   未命中文件列表: dzfp_25142000000041451604_佛山市澳辉金属建材有限公司_20250530202524.pdf, dzfp_25142000000041451605_中和青山智能科技（四川）有限公司_20250530202525.pdf, dzfp_25142000000041451606_厦门咖果餐饮管理有限公司_20250530202534.pdf, dzfp_25142000000041461587_中山市采蝶轩食品有限公司_20250530202522.pdf, dzfp_25142000000041461590_广东华人行跨境电商物流有限公司_20250530202529.pdf
2025-05-30 21:25:54 - FileFilterTool - INFO -     ... 还有 55 个文件
2025-05-30 21:26:14 - FileFilterTool - INFO - 用户关闭程序
2025-05-30 21:26:14 - FileFilterTool - INFO - 程序结束
2025-05-30 21:27:37 - FileFilterTool - INFO - 这是一条信息日志
2025-05-30 21:27:37 - FileFilterTool - WARNING - 这是一条警告日志
2025-05-30 21:27:37 - FileFilterTool - ERROR - 这是一条错误日志
2025-05-30 21:27:37 - FileFilterTool - INFO - 目录已创建或已存在: F:\Project\tools\extracted_files
2025-05-30 21:27:37 - FileFilterTool - INFO - 目录已创建或已存在: F:\Project\tools\extracted_files\命中文件
2025-05-30 21:27:37 - FileFilterTool - INFO - 目录已创建或已存在: F:\Project\tools\extracted_files\未命中文件
2025-05-30 21:27:37 - FileFilterTool - INFO - 目录已创建或已存在: F:\Project\tools\temp_extract
2025-05-30 21:27:37 - FileFilterTool - INFO - 目录已创建或已存在: F:\Project\tools\extracted_files
2025-05-30 21:27:37 - FileFilterTool - INFO - 目录已创建或已存在: F:\Project\tools\extracted_files\命中文件
2025-05-30 21:27:37 - FileFilterTool - INFO - 目录已创建或已存在: F:\Project\tools\extracted_files\未命中文件
2025-05-30 21:27:37 - FileFilterTool - INFO - 目录已创建或已存在: F:\Project\tools\temp_extract
2025-05-30 21:27:37 - FileFilterTool - INFO - 开始分类文件，关键字: ['config', 'photo']
2025-05-30 21:27:37 - FileFilterTool - DEBUG - 命中文件已移动: config.ini
2025-05-30 21:27:37 - FileFilterTool - DEBUG - 未命中文件已移动: document.txt
2025-05-30 21:27:37 - FileFilterTool - DEBUG - 未命中文件已移动: image.jpg
2025-05-30 21:27:37 - FileFilterTool - DEBUG - 未命中文件已移动: report_2023.pdf
2025-05-30 21:27:37 - FileFilterTool - DEBUG - 未命中文件已移动: backup_file.bak
2025-05-30 21:27:37 - FileFilterTool - DEBUG - 命中文件已移动: photo_vacation.png
2025-05-30 21:27:37 - FileFilterTool - DEBUG - 未命中文件已移动: settings.json
2025-05-30 21:27:37 - FileFilterTool - INFO - 文件分类完成 - 命中: 2, 未命中: 5
2025-05-30 21:28:09 - FileFilterTool - INFO - 程序启动
2025-05-30 21:28:09 - FileFilterTool - INFO - 目录已创建或已存在: F:\Project\tools\extracted_files
2025-05-30 21:28:09 - FileFilterTool - INFO - 目录已创建或已存在: F:\Project\tools\extracted_files\命中文件
2025-05-30 21:28:09 - FileFilterTool - INFO - 目录已创建或已存在: F:\Project\tools\extracted_files\未命中文件
2025-05-30 21:28:09 - FileFilterTool - INFO - 目录已创建或已存在: F:\Project\tools\temp_extract
2025-05-30 21:28:09 - FileFilterTool - INFO - 项目目录初始化完成
2025-05-30 21:28:18 - FileFilterTool - INFO - 用户关闭程序
2025-05-30 21:28:18 - FileFilterTool - INFO - 程序结束
